{
  "RSpec": {
    "coverage": {
      "/home/wxu/CodeCore/Lab/tickety/app/controllers/tickets_controller.rb": [
        1,
        1,
        1,
        null,
        1,
        0,
        null,
        1,
        0,
        null,
        1,
        0,
        0,
        null,
        0,
        0,
        null,
        0,
        null,
        null,
        1,
        null,
        null,
        1,
        null,
        null,
        1,
        null,
        0,
        0,
        null,
        0,
        null,
        null,
        1,
        null,
        0,
        0,
        null,
        null,
        1,
        null,
        1,
        0,
        null,
        1,
        0,
        null,
        null
      ],
      "/home/wxu/CodeCore/Lab/tickety/app/controllers/application_controller.rb": [
        1,
        null,
        null,
        1,
        null,
        null,
        1,
        null,
        1,
        null,
        1,
        2,
        null,
        null,
        null
      ],
      "/home/wxu/CodeCore/Lab/tickety/app/models/ticket.rb": [
        1,
        1,
        null,
        1,
        null,
        1,
        null,
        1,
        null,
        1,
        0,
        null,
        null,
        null
      ]
    },
    "timestamp": 1423858867
  }
}
